Traceback (most recent call last):
  File "/home/namancho/miniconda3/envs/geofno/lib/python3.9/site-packages/wandb/sdk/wandb_config.py", line 165, in __getattr__
    return self.__getitem__(key)
  File "/home/namancho/miniconda3/envs/geofno/lib/python3.9/site-packages/wandb/sdk/wandb_config.py", line 130, in __getitem__
    return self._items[key]
KeyError: 'n_layers'

The above exception was the direct cause of the following exception:

Traceback (most recent call last):
  File "/home/namancho/Geo-UPSplus/FNO_Experiments/fno_poseidon.py", line 204, in <module>
    "n_layers": wandb.config.n_layers,
  File "/home/namancho/miniconda3/envs/geofno/lib/python3.9/site-packages/wandb/sdk/wandb_config.py", line 167, in __getattr__
    raise AttributeError(
AttributeError: <class 'wandb.sdk.wandb_config.Config'> object has no attribute 'n_layers'
Traceback (most recent call last):
  File "/home/namancho/miniconda3/envs/geofno/lib/python3.9/site-packages/wandb/sdk/wandb_config.py", line 165, in __getattr__
    return self.__getitem__(key)
  File "/home/namancho/miniconda3/envs/geofno/lib/python3.9/site-packages/wandb/sdk/wandb_config.py", line 130, in __getitem__
    return self._items[key]
KeyError: 'n_layers'

The above exception was the direct cause of the following exception:

Traceback (most recent call last):
  File "/home/namancho/Geo-UPSplus/FNO_Experiments/fno_poseidon.py", line 204, in <module>
    "n_layers": wandb.config.n_layers,
  File "/home/namancho/miniconda3/envs/geofno/lib/python3.9/site-packages/wandb/sdk/wandb_config.py", line 167, in __getattr__
    raise AttributeError(
AttributeError: <class 'wandb.sdk.wandb_config.Config'> object has no attribute 'n_layers'
